生成启动时间为 2016/12/9 13:34:45。
     1>项目“C:\Users\18950\Documents\Visual Studio 2010\Projects\Parameterization\MiniMeshFrame\MiniMeshFrame.vcxproj”在节点 2 上(build 个目标)。
       项目文件包含 ToolsVersion="12.0"。此工具集可能未知或缺失。在这种情况下，通过安装 MSBuild 的正确版本，或许可以解决此问题。否则，该 build 可能已因策略原因而被强制为某个特定 ToolsVersion。将该项目视为其已具有 ToolsVersion="4.0"。有关详细信息，请参阅 http://go.microsoft.com/fwlink/?LinkId=291333。
     1>InitializeBuildStatus:
         正在创建“Debug\MiniMeshFrame.unsuccessfulbuild”，因为已指定“AlwaysCreate”。
       CustomBuild:
         所有输出均为最新。
       ClCompile:
         C:\Program Files (x86)\Microsoft Visual Studio 10.0\VC\bin\CL.exe /c /I.\GeneratedFiles /I. /IC:\Qt\Qt5.2.1\5.2.1\msvc2010_opengl\include /I.\GeneratedFiles\Debug /IC:\Qt\Qt5.2.1\5.2.1\msvc2010_opengl\include\QtCore /IC:\Qt\Qt5.2.1\5.2.1\msvc2010_opengl\include\QtGui /IC:\Qt\Qt5.2.1\5.2.1\msvc2010_opengl\include\QtOpenGL /IC:\Qt\Qt5.2.1\5.2.1\msvc2010_opengl\include\QtWidgets /IC:\Qt\Qt5.2.0\5.2.0\msvc2010\include /IC:\Qt\Qt5.2.0\5.2.0\msvc2010\bin /IC:\Qt\Qt5.2.1\5.2.1\msvc2010_opengl\include\QtANGLE /Zi /nologo /W3 /WX- /Od /Oy- /D _USE_MATH_DEFINES /D UNICODE /D WIN32 /D WIN64 /D QT_DLL /D QT_CORE_LIB /D QT_GUI_LIB /D QT_OPENGL_LIB /D QT_WIDGETS_LIB /Gm- /EHsc /MDd /GS /fp:precise /Zc:wchar_t /Zc:forScope /Fo"Debug\\" /Fd"Debug\vc100.pdb" /Gd /TP /analyze- /errorReport:prompt Parameterize.cpp
         Parameterize.cpp
     1>c:\eigen\eigen\src/Core/arch/CUDA/Half.h : warning C4819: 该文件包含不能在当前代码页(936)中表示的字符。请将该文件保存为 Unicode 格式以防止数据丢失
     1>Parameterize.cpp(43): warning C4996: 'OpenMesh::Iterators::GenericIteratorT<Mesh,ValueHandle,MemberOwner,PrimitiveStatusMember,PrimitiveCountMember>::operator OpenMesh::HalfedgeHandle': Implicit casts of iterators are unsafe. Use dereferencing operators -> and * instead.
                 with
                 [
                     Mesh=OpenMesh::PolyConnectivity::This,
                     ValueHandle=OpenMesh::ArrayKernel::HalfedgeHandle,
                     MemberOwner=OpenMesh::ArrayKernel,
                     PrimitiveStatusMember=OpenMesh::ArrayKernel::has_halfedge_status,
                     PrimitiveCountMember=OpenMesh::ArrayKernel::n_halfedges
                 ]
                 C:\OpenMesh 4.1\include\OpenMesh/Core/Mesh/IteratorsT.hh(144) : 参见“OpenMesh::Iterators::GenericIteratorT<Mesh,ValueHandle,MemberOwner,PrimitiveStatusMember,PrimitiveCountMember>::operator OpenMesh::HalfedgeHandle”的声明
                 with
                 [
                     Mesh=OpenMesh::PolyConnectivity::This,
                     ValueHandle=OpenMesh::ArrayKernel::HalfedgeHandle,
                     MemberOwner=OpenMesh::ArrayKernel,
                     PrimitiveStatusMember=OpenMesh::ArrayKernel::has_halfedge_status,
                     PrimitiveCountMember=OpenMesh::ArrayKernel::n_halfedges
                 ]
     1>Parameterize.cpp(45): warning C4996: 'OpenMesh::Iterators::GenericIteratorT<Mesh,ValueHandle,MemberOwner,PrimitiveStatusMember,PrimitiveCountMember>::handle': This function clutters your code. Use dereferencing operators -> and * instead.
                 with
                 [
                     Mesh=OpenMesh::PolyConnectivity::This,
                     ValueHandle=OpenMesh::ArrayKernel::HalfedgeHandle,
                     MemberOwner=OpenMesh::ArrayKernel,
                     PrimitiveStatusMember=OpenMesh::ArrayKernel::has_halfedge_status,
                     PrimitiveCountMember=OpenMesh::ArrayKernel::n_halfedges
                 ]
                 C:\OpenMesh 4.1\include\OpenMesh/Core/Mesh/IteratorsT.hh(133) : 参见“OpenMesh::Iterators::GenericIteratorT<Mesh,ValueHandle,MemberOwner,PrimitiveStatusMember,PrimitiveCountMember>::handle”的声明
                 with
                 [
                     Mesh=OpenMesh::PolyConnectivity::This,
                     ValueHandle=OpenMesh::ArrayKernel::HalfedgeHandle,
                     MemberOwner=OpenMesh::ArrayKernel,
                     PrimitiveStatusMember=OpenMesh::ArrayKernel::has_halfedge_status,
                     PrimitiveCountMember=OpenMesh::ArrayKernel::n_halfedges
                 ]
     1>Parameterize.cpp(46): warning C4996: 'OpenMesh::Iterators::GenericIteratorT<Mesh,ValueHandle,MemberOwner,PrimitiveStatusMember,PrimitiveCountMember>::handle': This function clutters your code. Use dereferencing operators -> and * instead.
                 with
                 [
                     Mesh=OpenMesh::PolyConnectivity::This,
                     ValueHandle=OpenMesh::ArrayKernel::HalfedgeHandle,
                     MemberOwner=OpenMesh::ArrayKernel,
                     PrimitiveStatusMember=OpenMesh::ArrayKernel::has_halfedge_status,
                     PrimitiveCountMember=OpenMesh::ArrayKernel::n_halfedges
                 ]
                 C:\OpenMesh 4.1\include\OpenMesh/Core/Mesh/IteratorsT.hh(133) : 参见“OpenMesh::Iterators::GenericIteratorT<Mesh,ValueHandle,MemberOwner,PrimitiveStatusMember,PrimitiveCountMember>::handle”的声明
                 with
                 [
                     Mesh=OpenMesh::PolyConnectivity::This,
                     ValueHandle=OpenMesh::ArrayKernel::HalfedgeHandle,
                     MemberOwner=OpenMesh::ArrayKernel,
                     PrimitiveStatusMember=OpenMesh::ArrayKernel::has_halfedge_status,
                     PrimitiveCountMember=OpenMesh::ArrayKernel::n_halfedges
                 ]
     1>Parameterize.cpp(153): warning C4996: 'OpenMesh::Iterators::GenericIteratorT<Mesh,ValueHandle,MemberOwner,PrimitiveStatusMember,PrimitiveCountMember>::operator OpenMesh::VertexHandle': Implicit casts of iterators are unsafe. Use dereferencing operators -> and * instead.
                 with
                 [
                     Mesh=OpenMesh::PolyConnectivity::This,
                     ValueHandle=OpenMesh::ArrayKernel::VertexHandle,
                     MemberOwner=OpenMesh::ArrayKernel,
                     PrimitiveStatusMember=OpenMesh::ArrayKernel::has_vertex_status,
                     PrimitiveCountMember=OpenMesh::ArrayKernel::n_vertices
                 ]
                 C:\OpenMesh 4.1\include\OpenMesh/Core/Mesh/IteratorsT.hh(144) : 参见“OpenMesh::Iterators::GenericIteratorT<Mesh,ValueHandle,MemberOwner,PrimitiveStatusMember,PrimitiveCountMember>::operator OpenMesh::VertexHandle”的声明
                 with
                 [
                     Mesh=OpenMesh::PolyConnectivity::This,
                     ValueHandle=OpenMesh::ArrayKernel::VertexHandle,
                     MemberOwner=OpenMesh::ArrayKernel,
                     PrimitiveStatusMember=OpenMesh::ArrayKernel::has_vertex_status,
                     PrimitiveCountMember=OpenMesh::ArrayKernel::n_vertices
                 ]
     1>Parameterize.cpp(155): warning C4996: 'OpenMesh::Iterators::GenericIteratorT<Mesh,ValueHandle,MemberOwner,PrimitiveStatusMember,PrimitiveCountMember>::handle': This function clutters your code. Use dereferencing operators -> and * instead.
                 with
                 [
                     Mesh=OpenMesh::PolyConnectivity::This,
                     ValueHandle=OpenMesh::ArrayKernel::VertexHandle,
                     MemberOwner=OpenMesh::ArrayKernel,
                     PrimitiveStatusMember=OpenMesh::ArrayKernel::has_vertex_status,
                     PrimitiveCountMember=OpenMesh::ArrayKernel::n_vertices
                 ]
                 C:\OpenMesh 4.1\include\OpenMesh/Core/Mesh/IteratorsT.hh(133) : 参见“OpenMesh::Iterators::GenericIteratorT<Mesh,ValueHandle,MemberOwner,PrimitiveStatusMember,PrimitiveCountMember>::handle”的声明
                 with
                 [
                     Mesh=OpenMesh::PolyConnectivity::This,
                     ValueHandle=OpenMesh::ArrayKernel::VertexHandle,
                     MemberOwner=OpenMesh::ArrayKernel,
                     PrimitiveStatusMember=OpenMesh::ArrayKernel::has_vertex_status,
                     PrimitiveCountMember=OpenMesh::ArrayKernel::n_vertices
                 ]
     1>Parameterize.cpp(164): warning C4996: 'OpenMesh::Iterators::GenericCirculatorT_DEPRECATED<Mesh,CenterEntityHandle,ValueHandle,Handle2Value>::handle': This function clutters your code. Use dereferencing operators -> and * instead.
                 with
                 [
                     Mesh=OpenMesh::PolyConnectivity::This,
                     CenterEntityHandle=OpenMesh::ArrayKernel::VertexHandle,
                     ValueHandle=OpenMesh::ArrayKernel::VertexHandle,
                     Handle2Value=OpenMesh::Iterators::GenericCirculatorBaseT<OpenMesh::PolyConnectivity::This>::toVertexHandle
                 ]
                 C:\OpenMesh 4.1\include\OpenMesh/Core/Mesh/CirculatorsT.hh(567) : 参见“OpenMesh::Iterators::GenericCirculatorT_DEPRECATED<Mesh,CenterEntityHandle,ValueHandle,Handle2Value>::handle”的声明
                 with
                 [
                     Mesh=OpenMesh::PolyConnectivity::This,
                     CenterEntityHandle=OpenMesh::ArrayKernel::VertexHandle,
                     ValueHandle=OpenMesh::ArrayKernel::VertexHandle,
                     Handle2Value=OpenMesh::Iterators::GenericCirculatorBaseT<OpenMesh::PolyConnectivity::This>::toVertexHandle
                 ]
     1>Parameterize.cpp(214): warning C4996: 'OpenMesh::Iterators::GenericIteratorT<Mesh,ValueHandle,MemberOwner,PrimitiveStatusMember,PrimitiveCountMember>::operator OpenMesh::VertexHandle': Implicit casts of iterators are unsafe. Use dereferencing operators -> and * instead.
                 with
                 [
                     Mesh=OpenMesh::PolyConnectivity::This,
                     ValueHandle=OpenMesh::ArrayKernel::VertexHandle,
                     MemberOwner=OpenMesh::ArrayKernel,
                     PrimitiveStatusMember=OpenMesh::ArrayKernel::has_vertex_status,
                     PrimitiveCountMember=OpenMesh::ArrayKernel::n_vertices
                 ]
                 C:\OpenMesh 4.1\include\OpenMesh/Core/Mesh/IteratorsT.hh(144) : 参见“OpenMesh::Iterators::GenericIteratorT<Mesh,ValueHandle,MemberOwner,PrimitiveStatusMember,PrimitiveCountMember>::operator OpenMesh::VertexHandle”的声明
                 with
                 [
                     Mesh=OpenMesh::PolyConnectivity::This,
                     ValueHandle=OpenMesh::ArrayKernel::VertexHandle,
                     MemberOwner=OpenMesh::ArrayKernel,
                     PrimitiveStatusMember=OpenMesh::ArrayKernel::has_vertex_status,
                     PrimitiveCountMember=OpenMesh::ArrayKernel::n_vertices
                 ]
     1>Parameterize.cpp(217): warning C4996: 'OpenMesh::Iterators::GenericIteratorT<Mesh,ValueHandle,MemberOwner,PrimitiveStatusMember,PrimitiveCountMember>::handle': This function clutters your code. Use dereferencing operators -> and * instead.
                 with
                 [
                     Mesh=OpenMesh::PolyConnectivity::This,
                     ValueHandle=OpenMesh::ArrayKernel::VertexHandle,
                     MemberOwner=OpenMesh::ArrayKernel,
                     PrimitiveStatusMember=OpenMesh::ArrayKernel::has_vertex_status,
                     PrimitiveCountMember=OpenMesh::ArrayKernel::n_vertices
                 ]
                 C:\OpenMesh 4.1\include\OpenMesh/Core/Mesh/IteratorsT.hh(133) : 参见“OpenMesh::Iterators::GenericIteratorT<Mesh,ValueHandle,MemberOwner,PrimitiveStatusMember,PrimitiveCountMember>::handle”的声明
                 with
                 [
                     Mesh=OpenMesh::PolyConnectivity::This,
                     ValueHandle=OpenMesh::ArrayKernel::VertexHandle,
                     MemberOwner=OpenMesh::ArrayKernel,
                     PrimitiveStatusMember=OpenMesh::ArrayKernel::has_vertex_status,
                     PrimitiveCountMember=OpenMesh::ArrayKernel::n_vertices
                 ]
     1>Parameterize.cpp(223): warning C4996: 'OpenMesh::Iterators::GenericCirculatorT_DEPRECATED<Mesh,CenterEntityHandle,ValueHandle,Handle2Value>::handle': This function clutters your code. Use dereferencing operators -> and * instead.
                 with
                 [
                     Mesh=OpenMesh::PolyConnectivity::This,
                     CenterEntityHandle=OpenMesh::ArrayKernel::VertexHandle,
                     ValueHandle=OpenMesh::ArrayKernel::VertexHandle,
                     Handle2Value=OpenMesh::Iterators::GenericCirculatorBaseT<OpenMesh::PolyConnectivity::This>::toVertexHandle
                 ]
                 C:\OpenMesh 4.1\include\OpenMesh/Core/Mesh/CirculatorsT.hh(567) : 参见“OpenMesh::Iterators::GenericCirculatorT_DEPRECATED<Mesh,CenterEntityHandle,ValueHandle,Handle2Value>::handle”的声明
                 with
                 [
                     Mesh=OpenMesh::PolyConnectivity::This,
                     CenterEntityHandle=OpenMesh::ArrayKernel::VertexHandle,
                     ValueHandle=OpenMesh::ArrayKernel::VertexHandle,
                     Handle2Value=OpenMesh::Iterators::GenericCirculatorBaseT<OpenMesh::PolyConnectivity::This>::toVertexHandle
                 ]
     1>Parameterize.cpp(238): warning C4996: 'OpenMesh::Iterators::GenericCirculatorT_DEPRECATED<Mesh,CenterEntityHandle,ValueHandle,Handle2Value>::operator OpenMesh::VertexHandle': Implicit casts of iterators are unsafe. Use dereferencing operators -> and * instead.
                 with
                 [
                     Mesh=OpenMesh::PolyConnectivity::This,
                     CenterEntityHandle=OpenMesh::ArrayKernel::VertexHandle,
                     ValueHandle=OpenMesh::ArrayKernel::VertexHandle,
                     Handle2Value=OpenMesh::Iterators::GenericCirculatorBaseT<OpenMesh::PolyConnectivity::This>::toVertexHandle
                 ]
                 C:\OpenMesh 4.1\include\OpenMesh/Core/Mesh/CirculatorsT.hh(578) : 参见“OpenMesh::Iterators::GenericCirculatorT_DEPRECATED<Mesh,CenterEntityHandle,ValueHandle,Handle2Value>::operator OpenMesh::VertexHandle”的声明
                 with
                 [
                     Mesh=OpenMesh::PolyConnectivity::This,
                     CenterEntityHandle=OpenMesh::ArrayKernel::VertexHandle,
                     ValueHandle=OpenMesh::ArrayKernel::VertexHandle,
                     Handle2Value=OpenMesh::Iterators::GenericCirculatorBaseT<OpenMesh::PolyConnectivity::This>::toVertexHandle
                 ]
     1>Parameterize.cpp(239): warning C4996: 'OpenMesh::Iterators::GenericCirculatorT_DEPRECATED<Mesh,CenterEntityHandle,ValueHandle,Handle2Value>::operator OpenMesh::VertexHandle': Implicit casts of iterators are unsafe. Use dereferencing operators -> and * instead.
                 with
                 [
                     Mesh=OpenMesh::PolyConnectivity::This,
                     CenterEntityHandle=OpenMesh::ArrayKernel::VertexHandle,
                     ValueHandle=OpenMesh::ArrayKernel::VertexHandle,
                     Handle2Value=OpenMesh::Iterators::GenericCirculatorBaseT<OpenMesh::PolyConnectivity::This>::toVertexHandle
                 ]
                 C:\OpenMesh 4.1\include\OpenMesh/Core/Mesh/CirculatorsT.hh(578) : 参见“OpenMesh::Iterators::GenericCirculatorT_DEPRECATED<Mesh,CenterEntityHandle,ValueHandle,Handle2Value>::operator OpenMesh::VertexHandle”的声明
                 with
                 [
                     Mesh=OpenMesh::PolyConnectivity::This,
                     CenterEntityHandle=OpenMesh::ArrayKernel::VertexHandle,
                     ValueHandle=OpenMesh::ArrayKernel::VertexHandle,
                     Handle2Value=OpenMesh::Iterators::GenericCirculatorBaseT<OpenMesh::PolyConnectivity::This>::toVertexHandle
                 ]
     1>Parameterize.cpp(263): warning C4244: “=”: 从“double”转换到“float”，可能丢失数据
     1>Parameterize.cpp(330): warning C4244: “初始化”: 从“double”转换到“float”，可能丢失数据
     1>Parameterize.cpp(331): warning C4244: “初始化”: 从“double”转换到“float”，可能丢失数据
     1>Parameterize.cpp(332): warning C4244: “初始化”: 从“double”转换到“float”，可能丢失数据
     1>Parameterize.cpp(419): warning C4996: 'OpenMesh::Iterators::GenericIteratorT<Mesh,ValueHandle,MemberOwner,PrimitiveStatusMember,PrimitiveCountMember>::operator OpenMesh::VertexHandle': Implicit casts of iterators are unsafe. Use dereferencing operators -> and * instead.
                 with
                 [
                     Mesh=OpenMesh::PolyConnectivity::This,
                     ValueHandle=OpenMesh::ArrayKernel::VertexHandle,
                     MemberOwner=OpenMesh::ArrayKernel,
                     PrimitiveStatusMember=OpenMesh::ArrayKernel::has_vertex_status,
                     PrimitiveCountMember=OpenMesh::ArrayKernel::n_vertices
                 ]
                 C:\OpenMesh 4.1\include\OpenMesh/Core/Mesh/IteratorsT.hh(144) : 参见“OpenMesh::Iterators::GenericIteratorT<Mesh,ValueHandle,MemberOwner,PrimitiveStatusMember,PrimitiveCountMember>::operator OpenMesh::VertexHandle”的声明
                 with
                 [
                     Mesh=OpenMesh::PolyConnectivity::This,
                     ValueHandle=OpenMesh::ArrayKernel::VertexHandle,
                     MemberOwner=OpenMesh::ArrayKernel,
                     PrimitiveStatusMember=OpenMesh::ArrayKernel::has_vertex_status,
                     PrimitiveCountMember=OpenMesh::ArrayKernel::n_vertices
                 ]
     1>Parameterize.cpp(421): warning C4996: 'OpenMesh::Iterators::GenericIteratorT<Mesh,ValueHandle,MemberOwner,PrimitiveStatusMember,PrimitiveCountMember>::handle': This function clutters your code. Use dereferencing operators -> and * instead.
                 with
                 [
                     Mesh=OpenMesh::PolyConnectivity::This,
                     ValueHandle=OpenMesh::ArrayKernel::VertexHandle,
                     MemberOwner=OpenMesh::ArrayKernel,
                     PrimitiveStatusMember=OpenMesh::ArrayKernel::has_vertex_status,
                     PrimitiveCountMember=OpenMesh::ArrayKernel::n_vertices
                 ]
                 C:\OpenMesh 4.1\include\OpenMesh/Core/Mesh/IteratorsT.hh(133) : 参见“OpenMesh::Iterators::GenericIteratorT<Mesh,ValueHandle,MemberOwner,PrimitiveStatusMember,PrimitiveCountMember>::handle”的声明
                 with
                 [
                     Mesh=OpenMesh::PolyConnectivity::This,
                     ValueHandle=OpenMesh::ArrayKernel::VertexHandle,
                     MemberOwner=OpenMesh::ArrayKernel,
                     PrimitiveStatusMember=OpenMesh::ArrayKernel::has_vertex_status,
                     PrimitiveCountMember=OpenMesh::ArrayKernel::n_vertices
                 ]
     1>Parameterize.cpp(428): warning C4996: 'OpenMesh::Iterators::GenericCirculatorT_DEPRECATED<Mesh,CenterEntityHandle,ValueHandle,Handle2Value>::handle': This function clutters your code. Use dereferencing operators -> and * instead.
                 with
                 [
                     Mesh=OpenMesh::PolyConnectivity::This,
                     CenterEntityHandle=OpenMesh::ArrayKernel::VertexHandle,
                     ValueHandle=OpenMesh::ArrayKernel::VertexHandle,
                     Handle2Value=OpenMesh::Iterators::GenericCirculatorBaseT<OpenMesh::PolyConnectivity::This>::toVertexHandle
                 ]
                 C:\OpenMesh 4.1\include\OpenMesh/Core/Mesh/CirculatorsT.hh(567) : 参见“OpenMesh::Iterators::GenericCirculatorT_DEPRECATED<Mesh,CenterEntityHandle,ValueHandle,Handle2Value>::handle”的声明
                 with
                 [
                     Mesh=OpenMesh::PolyConnectivity::This,
                     CenterEntityHandle=OpenMesh::ArrayKernel::VertexHandle,
                     ValueHandle=OpenMesh::ArrayKernel::VertexHandle,
                     Handle2Value=OpenMesh::Iterators::GenericCirculatorBaseT<OpenMesh::PolyConnectivity::This>::toVertexHandle
                 ]
     1>Parameterize.cpp(430): warning C4996: 'OpenMesh::Iterators::GenericCirculatorT_DEPRECATED<Mesh,CenterEntityHandle,ValueHandle,Handle2Value>::operator OpenMesh::VertexHandle': Implicit casts of iterators are unsafe. Use dereferencing operators -> and * instead.
                 with
                 [
                     Mesh=OpenMesh::PolyConnectivity::This,
                     CenterEntityHandle=OpenMesh::ArrayKernel::VertexHandle,
                     ValueHandle=OpenMesh::ArrayKernel::VertexHandle,
                     Handle2Value=OpenMesh::Iterators::GenericCirculatorBaseT<OpenMesh::PolyConnectivity::This>::toVertexHandle
                 ]
                 C:\OpenMesh 4.1\include\OpenMesh/Core/Mesh/CirculatorsT.hh(578) : 参见“OpenMesh::Iterators::GenericCirculatorT_DEPRECATED<Mesh,CenterEntityHandle,ValueHandle,Handle2Value>::operator OpenMesh::VertexHandle”的声明
                 with
                 [
                     Mesh=OpenMesh::PolyConnectivity::This,
                     CenterEntityHandle=OpenMesh::ArrayKernel::VertexHandle,
                     ValueHandle=OpenMesh::ArrayKernel::VertexHandle,
                     Handle2Value=OpenMesh::Iterators::GenericCirculatorBaseT<OpenMesh::PolyConnectivity::This>::toVertexHandle
                 ]
         所有输出均为最新。
       Link:
         C:\Program Files (x86)\Microsoft Visual Studio 10.0\VC\bin\link.exe /ERRORREPORT:PROMPT /OUT:"C:\Users\18950\Documents\Visual Studio 2010\Projects\Parameterization\Win32\Debug\\MiniMeshFrame.exe" /NOLOGO /LIBPATH:C:\Qt\Qt5.2.1\5.2.1\msvc2010_opengl\lib OpenMeshCored.lib OpenMeshToolsd.lib qtmaind.lib Qt5Cored.lib Qt5Guid.lib Qt5OpenGLd.lib opengl32.lib glu32.lib Qt5Widgetsd.lib qtmaind.lib Qt5Cored.lib Qt5Guid.lib Qt5Widgetsd.lib kernel32.lib user32.lib gdi32.lib winspool.lib comdlg32.lib advapi32.lib shell32.lib ole32.lib oleaut32.lib uuid.lib odbc32.lib odbccp32.lib /MANIFEST /ManifestFile:"Debug\MiniMeshFrame.exe.intermediate.manifest" /MANIFESTUAC:"level='asInvoker' uiAccess='false'" /DEBUG /PDB:"C:\Users\18950\Documents\Visual Studio 2010\Projects\Parameterization\Win32\Debug\MiniMeshFrame.pdb" /SUBSYSTEM:CONSOLE /TLBID:1 /DYNAMICBASE /NXCOMPAT /IMPLIB:"C:\Users\18950\Documents\Visual Studio 2010\Projects\Parameterization\Win32\Debug\MiniMeshFrame.lib" /MACHINE:X86 Debug\ArcBall.obj
         Debug\moc_mainwindow.obj
         Debug\moc_renderingwidget.obj
         Debug\qrc_mainwindow.obj
         Debug\Mesh3D.obj
         Debug\main.obj
         Debug\mainwindow.obj
         Debug\renderingwidget.obj
         Debug\Parameterize.obj
         LINK : 没有找到 C:\Users\18950\Documents\Visual Studio 2010\Projects\Parameterization\Win32\Debug\\MiniMeshFrame.exe 或上一个增量链接没有生成它；正在执行完全链接
         MiniMeshFrame.vcxproj -> C:\Users\18950\Documents\Visual Studio 2010\Projects\Parameterization\Win32\Debug\MiniMeshFrame.exe
       Manifest:
         C:\Program Files (x86)\Microsoft SDKs\Windows\v7.0A\bin\mt.exe /nologo /verbose /outputresource:"C:\Users\18950\Documents\Visual Studio 2010\Projects\Parameterization\Win32\Debug\\MiniMeshFrame.exe;#1" /manifest Debug\MiniMeshFrame.exe.intermediate.manifest
       FinalizeBuildStatus:
         正在删除文件“Debug\MiniMeshFrame.unsuccessfulbuild”。
         正在对“Debug\MiniMeshFrame.lastbuildstate”执行 Touch 任务。
     1>已完成生成项目“C:\Users\18950\Documents\Visual Studio 2010\Projects\Parameterization\MiniMeshFrame\MiniMeshFrame.vcxproj”(build 个目标)的操作。

生成成功。

已用时间 00:00:12.78
