C:\USERS\18950\DOCUMENTS\VISUAL STUDIO 2010\PROJECTS\SEGMENTATION\VOXELSEGMENTATION\DEBUG\ARCBALL.OBJ
C:\USERS\18950\DOCUMENTS\VISUAL STUDIO 2010\PROJECTS\SEGMENTATION\VOXELSEGMENTATION\DEBUG\CHILDWINDOW.OBJ
C:\Users\18950\Documents\Visual Studio 2010\Projects\Segmentation\VoxelSegmentation\Debug\cl.command.1.tlog
C:\Users\18950\Documents\Visual Studio 2010\Projects\Segmentation\VoxelSegmentation\Debug\CL.read.1.tlog
C:\Users\18950\Documents\Visual Studio 2010\Projects\Segmentation\VoxelSegmentation\Debug\CL.write.1.tlog
C:\Users\18950\Documents\Visual Studio 2010\Projects\Segmentation\VoxelSegmentation\Debug\custombuild.command.1.tlog
C:\Users\18950\Documents\Visual Studio 2010\Projects\Segmentation\VoxelSegmentation\Debug\custombuild.read.1.tlog
C:\Users\18950\Documents\Visual Studio 2010\Projects\Segmentation\VoxelSegmentation\Debug\custombuild.write.1.tlog
C:\USERS\18950\DOCUMENTS\VISUAL STUDIO 2010\PROJECTS\SEGMENTATION\VOXELSEGMENTATION\DEBUG\IMAGE_INFO.OBJ
C:\USERS\18950\DOCUMENTS\VISUAL STUDIO 2010\PROJECTS\SEGMENTATION\VOXELSEGMENTATION\DEBUG\IMAGEWIDGE.OBJ
C:\USERS\18950\DOCUMENTS\VISUAL STUDIO 2010\PROJECTS\SEGMENTATION\VOXELSEGMENTATION\DEBUG\MAIN.OBJ
C:\USERS\18950\DOCUMENTS\VISUAL STUDIO 2010\PROJECTS\SEGMENTATION\VOXELSEGMENTATION\DEBUG\MAINWINDOW.OBJ
C:\USERS\18950\DOCUMENTS\VISUAL STUDIO 2010\PROJECTS\SEGMENTATION\VOXELSEGMENTATION\DEBUG\MOC_CHILDWINDOW.OBJ
C:\USERS\18950\DOCUMENTS\VISUAL STUDIO 2010\PROJECTS\SEGMENTATION\VOXELSEGMENTATION\DEBUG\MOC_IMAGEWIDGE.OBJ
C:\USERS\18950\DOCUMENTS\VISUAL STUDIO 2010\PROJECTS\SEGMENTATION\VOXELSEGMENTATION\DEBUG\MOC_MAINWINDOW.OBJ
C:\USERS\18950\DOCUMENTS\VISUAL STUDIO 2010\PROJECTS\SEGMENTATION\VOXELSEGMENTATION\DEBUG\MOC_RENDERINGWIDGET.OBJ
C:\USERS\18950\DOCUMENTS\VISUAL STUDIO 2010\PROJECTS\SEGMENTATION\VOXELSEGMENTATION\DEBUG\SEGMENTATION.OBJ
C:\USERS\18950\DOCUMENTS\VISUAL STUDIO 2010\PROJECTS\SEGMENTATION\VOXELSEGMENTATION\DEBUG\SPFH.OBJ
C:\Users\18950\Documents\Visual Studio 2010\Projects\Segmentation\VoxelSegmentation\Debug\vc100.pdb
C:\Users\18950\Documents\Visual Studio 2010\Projects\Segmentation\VoxelSegmentation\Debug\VoxelSegmentation.write.1.tlog
C:\USERS\18950\DOCUMENTS\VISUAL STUDIO 2010\PROJECTS\SEGMENTATION\VOXELSEGMENTATION\GENERATEDFILES\DEBUG\MOC_CHILDWINDOW.CPP
C:\USERS\18950\DOCUMENTS\VISUAL STUDIO 2010\PROJECTS\SEGMENTATION\VOXELSEGMENTATION\GENERATEDFILES\DEBUG\MOC_IMAGEWIDGE.CPP
C:\USERS\18950\DOCUMENTS\VISUAL STUDIO 2010\PROJECTS\SEGMENTATION\VOXELSEGMENTATION\GENERATEDFILES\DEBUG\MOC_MAINWINDOW.CPP
C:\USERS\18950\DOCUMENTS\VISUAL STUDIO 2010\PROJECTS\SEGMENTATION\VOXELSEGMENTATION\GENERATEDFILES\DEBUG\MOC_RENDERINGWIDGET.CPP
C:\USERS\18950\DOCUMENTS\VISUAL STUDIO 2010\PROJECTS\SEGMENTATION\VOXELSEGMENTATION\GENERATEDFILES\QRC_MAINWINDOW.CPP
C:\USERS\18950\DOCUMENTS\VISUAL STUDIO 2010\PROJECTS\SEGMENTATION\VOXELSEGMENTATION\GENERATEDFILES\UI_IMAGEWIDGE.H
C:\USERS\18950\DOCUMENTS\VISUAL STUDIO 2010\PROJECTS\SEGMENTATION\VOXELSEGMENTATION\GENERATEDFILES\UI_MAINWINDOW.H
