生成启动时间为 2017/4/17 13:15:33。
     1>项目“C:\Users\18950\Documents\Visual Studio 2010\Projects\Segmentation\VoxelSegmentation\VoxelSegmentation.vcxproj”在节点 2 上(build 个目标)。
       项目文件包含 ToolsVersion="12.0"。此工具集可能未知或缺失。在这种情况下，通过安装 MSBuild 的正确版本，或许可以解决此问题。否则，该 build 可能已因策略原因而被强制为某个特定 ToolsVersion。将该项目视为其已具有 ToolsVersion="4.0"。有关详细信息，请参阅 http://go.microsoft.com/fwlink/?LinkId=291333。
     1>InitializeBuildStatus:
         正在创建“Debug\VoxelSegmentation.unsuccessfulbuild”，因为已指定“AlwaysCreate”。
       CustomBuild:
         所有输出均为最新。
       ClCompile:
         C:\Program Files (x86)\Microsoft Visual Studio 10.0\VC\bin\CL.exe /c /I.\GeneratedFiles /I. /IC:\Qt\Qt5.2.1\5.2.1\msvc2010_opengl\include /I.\GeneratedFiles\Debug /IC:\Qt\Qt5.2.1\5.2.1\msvc2010_opengl\include\QtCore /IC:\Qt\Qt5.2.1\5.2.1\msvc2010_opengl\include\QtGui /IC:\Qt\Qt5.2.1\5.2.1\msvc2010_opengl\include\QtOpenGL /IC:\Qt\Qt5.2.1\5.2.1\msvc2010_opengl\include\QtWidgets /IC:\Qt\Qt5.2.0\5.2.0\msvc2010\include /IC:\Qt\Qt5.2.0\5.2.0\msvc2010\bin /IC:\Qt\Qt5.2.1\5.2.1\msvc2010_opengl\include\QtANGLE /Zi /nologo /W3 /WX- /Od /Oy- /D _USE_MATH_DEFINES /D UNICODE /D WIN32 /D WIN64 /D QT_DLL /D QT_CORE_LIB /D QT_GUI_LIB /D QT_OPENGL_LIB /D QT_WIDGETS_LIB /Gm- /EHsc /MDd /GS /fp:precise /Zc:wchar_t /Zc:forScope /Fo"Debug\\" /Fd"Debug\vc100.pdb" /Gd /TP /analyze- /errorReport:prompt Segmentation.cpp
         Segmentation.cpp
     1>Segmentation.cpp(75): warning C4244: “初始化”: 从“double”转换到“int”，可能丢失数据
         所有输出均为最新。
       Link:
         C:\Program Files (x86)\Microsoft Visual Studio 10.0\VC\bin\link.exe /ERRORREPORT:PROMPT /OUT:"C:\Users\18950\Documents\Visual Studio 2010\Projects\Segmentation\Win32\Debug\\VoxelSegmentation.exe" /NOLOGO /LIBPATH:"C:\Program Files (x86)\MATLAB\R2015a\bin\win32" /LIBPATH:C:\Qt\Qt5.2.1\5.2.1\msvc2010_opengl\lib libmat.lib libeng.lib libmx.lib qtmaind.lib Qt5Cored.lib Qt5Guid.lib Qt5OpenGLd.lib opengl32.lib glu32.lib Qt5Widgetsd.lib qtmaind.lib Qt5Cored.lib Qt5Guid.lib Qt5Widgetsd.lib kernel32.lib user32.lib gdi32.lib winspool.lib comdlg32.lib advapi32.lib shell32.lib ole32.lib oleaut32.lib uuid.lib odbc32.lib odbccp32.lib /MANIFEST /ManifestFile:"Debug\VoxelSegmentation.exe.intermediate.manifest" /MANIFESTUAC:"level='asInvoker' uiAccess='false'" /DEBUG /PDB:"C:\Users\18950\Documents\Visual Studio 2010\Projects\Segmentation\Win32\Debug\VoxelSegmentation.pdb" /SUBSYSTEM:CONSOLE /TLBID:1 /DYNAMICBASE /NXCOMPAT /IMPLIB:"C:\Users\18950\Documents\Visual Studio 2010\Projects\Segmentation\Win32\Debug\VoxelSegmentation.lib" /MACHINE:X86 Debug\ArcBall.obj
         Debug\childwindow.obj
         Debug\moc_childwindow.obj
         Debug\moc_imagewidge.obj
         Debug\moc_mainwindow.obj
         Debug\moc_renderingwidget.obj
         Debug\qrc_mainwindow.obj
         Debug\imagewidge.obj
         Debug\Image_Info.obj
         Debug\main.obj
         Debug\mainwindow.obj
         Debug\renderingwidget.obj
         Debug\Segmentation.obj
         Debug\SPFH.obj
         LINK : 没有找到 C:\Users\18950\Documents\Visual Studio 2010\Projects\Segmentation\Win32\Debug\\VoxelSegmentation.exe 或上一个增量链接没有生成它；正在执行完全链接
         VoxelSegmentation.vcxproj -> C:\Users\18950\Documents\Visual Studio 2010\Projects\Segmentation\Win32\Debug\VoxelSegmentation.exe
       Manifest:
         C:\Program Files (x86)\Microsoft SDKs\Windows\v7.0A\bin\mt.exe /nologo /verbose /outputresource:"C:\Users\18950\Documents\Visual Studio 2010\Projects\Segmentation\Win32\Debug\\VoxelSegmentation.exe;#1" /manifest Debug\VoxelSegmentation.exe.intermediate.manifest
       FinalizeBuildStatus:
         正在删除文件“Debug\VoxelSegmentation.unsuccessfulbuild”。
         正在对“Debug\VoxelSegmentation.lastbuildstate”执行 Touch 任务。
     1>已完成生成项目“C:\Users\18950\Documents\Visual Studio 2010\Projects\Segmentation\VoxelSegmentation\VoxelSegmentation.vcxproj”(build 个目标)的操作。

生成成功。

已用时间 00:00:02.52
